<?xml version="1.0" encoding="UTF-8"?>
<!-- Generated by org.testng.reporters.JUnitReportReporter -->
<testsuite hostname="JACK-PC" failures="0" tests="2" name="Bai1.TestClass4" time="0.006" errors="0" timestamp="2022-03-12T10:32:51 ICT" skipped="0">
  <testcase classname="Bai1.TestClass4" name="e1" time="0.004"/>
  <system-out/>
  <testcase classname="Bai1.TestClass4" name="e2" time="0.002"/>
  <system-out>
    <![CDATA[Method name is e2]]>
  </system-out>
</testsuite> <!-- Bai1.TestClass4 -->
