<?xml version="1.0" encoding="UTF-8"?>
<!-- Generated by org.testng.reporters.JUnitReportReporter -->
<testsuite hostname="JACK-PC" failures="0" tests="2" name="Bai1.TestClass3" time="0.002" errors="0" timestamp="2022-03-12T10:32:51 ICT" skipped="0">
  <testcase classname="Bai1.TestClass3" name="d1" time="0.001"/>
  <system-out/>
  <testcase classname="Bai1.TestClass3" name="d2" time="0.001"/>
  <system-out/>
</testsuite> <!-- Bai1.TestClass3 -->
