<?xml version="1.0" encoding="UTF-8"?>
<!-- Generated by org.testng.reporters.JUnitReportReporter -->
<testsuite hostname="simple-pc" failures="0" tests="1" name="Bai1.firsttestngfile" time="0.174" errors="0" timestamp="2022-04-04T13:53:36 ICT" skipped="0">
  <testcase classname="Bai1.firsttestngfile" name="verifyHomePageTitle" time="0.174"/>
  <system-out/>
</testsuite> <!-- Bai1.firsttestngfile -->
