<?xml version="1.0" encoding="UTF-8"?>
<!-- Generated by org.testng.reporters.JUnitReportReporter -->
<testsuite hostname="JACK-PC" failures="0" tests="2" name="Bai2.TestClass" time="0.015" errors="0" timestamp="2022-03-11T23:13:12 ICT" skipped="0">
  <testcase classname="Bai2.TestClass" name="unitLevel2" time="0.007"/>
  <system-out/>
  <testcase classname="Bai2.TestClass" name="unitLevel1" time="0.008"/>
  <system-out/>
</testsuite> <!-- Bai2.TestClass -->
