<?xml version="1.0" encoding="UTF-8"?>
<!-- Generated by org.testng.reporters.JUnitReportReporter -->
<testsuite hostname="JACK-PC" failures="0" tests="2" name="Bai3.ParametersTesting" time="0.016" errors="0" timestamp="2022-03-12T00:00:51 ICT" skipped="0">
  <testcase classname="Bai3.ParametersTesting" name="FillLoginForm" time="0.013"/>
  <system-out/>
  <testcase classname="Bai3.ParametersTesting" name="openBrowser" time="0.003"/>
  <system-out/>
</testsuite> <!-- Bai3.ParametersTesting -->
