<?xml version="1.0" encoding="UTF-8"?>
<!-- Generated by org.testng.reporters.JUnitReportReporter -->
<testsuite hostname="JACK-PC" failures="0" tests="3" name="Bai3.TestNGPriorityExample" time="0.018" errors="0" timestamp="2022-03-12T00:03:43 ICT" skipped="0">
  <testcase classname="Bai3.TestNGPriorityExample" name="registerAccount" time="0.014"/>
  <system-out/>
  <testcase classname="Bai3.TestNGPriorityExample" name="login" time="0.002"/>
  <system-out/>
  <testcase classname="Bai3.TestNGPriorityExample" name="sendEmail" time="0.002"/>
  <system-out/>
</testsuite> <!-- Bai3.TestNGPriorityExample -->
