<?xml version="1.0" encoding="UTF-8"?>
<!-- Generated by org.testng.reporters.JUnitReportReporter -->
<testsuite hostname="JACK-PC" failures="0" tests="2" name="Bai2_fpoly.demoOne" time="0.020" errors="0" timestamp="2022-03-11T22:49:12 ICT" skipped="0">
  <testcase classname="Bai2_fpoly.demoOne" name="firstTestCase" time="0.014"/>
  <system-out/>
  <testcase classname="Bai2_fpoly.demoOne" name="secondTestCase" time="0.006"/>
  <system-out/>
</testsuite> <!-- Bai2_fpoly.demoOne -->
