<?xml version="1.0" encoding="UTF-8"?>
<!-- Generated by org.testng.reporters.JUnitReportReporter -->
<testsuite hostname="JACK-PC" failures="0" tests="4" name="Bai3.groupExamples" time="0.018" errors="0" timestamp="2022-03-11T22:53:46 ICT" skipped="0">
  <testcase classname="Bai3.groupExamples" name="testCaseFour" time="0.012"/>
  <system-out/>
  <testcase classname="Bai3.groupExamples" name="testCaseOne" time="0.002"/>
  <system-out/>
  <testcase classname="Bai3.groupExamples" name="testCaseTwo" time="0.002"/>
  <system-out/>
  <testcase classname="Bai3.groupExamples" name="testCaseThree" time="0.002"/>
  <system-out/>
</testsuite> <!-- Bai3.groupExamples -->
