<?xml version="1.0" encoding="UTF-8"?>
<!-- Generated by org.testng.reporters.JUnitReportReporter -->
<testsuite hostname="JACK-PC" failures="0" tests="1" name="Bai1.fpoly" time="7.635" errors="0" timestamp="2022-03-11T22:42:27 ICT" skipped="0">
  <testcase classname="Bai1.fpoly" name="verifyHomepageTitle" time="7.635"/>
  <system-out/>
</testsuite> <!-- Bai1.fpoly -->
