<?xml version="1.0" encoding="UTF-8"?>
<!-- Generated by org.testng.reporters.JUnitReportReporter -->
<testsuite hostname="JACK-PC" failures="0" tests="1" name="Bai3.TestVatCalculator" time="0.013" errors="0" timestamp="2022-03-11T20:06:47 ICT" skipped="0">
  <testcase classname="Bai3.TestVatCalculator" name="testGetVatOnAmount" time="0.013"/>
  <system-out/>
</testsuite> <!-- Bai3.TestVatCalculator -->
