<?xml version="1.0" encoding="UTF-8"?>
<!-- Generated by org.testng.reporters.JUnitReportReporter -->
<testsuite hostname="JACK-PC" failures="0" tests="1" name="firsttestngpackage.FirstTestNGFile" time="0.016" errors="0" timestamp="2022-03-11T20:01:30 ICT" skipped="0">
  <testcase classname="firsttestngpackage.FirstTestNGFile" name="testcase1" time="0.016"/>
  <system-out/>
</testsuite> <!-- firsttestngpackage.FirstTestNGFile -->
